<?xml version="1.0" encoding="UTF-8"?>
<!-- Generated by org.testng.reporters.JUnitReportReporter -->
<testsuite skipped="0" hostname="DESKTOP-A15AP0F" name="TC_001_EMT_LandingPageTest" tests="1" failures="0" timestamp="2021-07-18T17:12:16 IST" time="30.003" errors="0">
  <testcase name="validateTitle" time="30.003" classname="TC_001_EMT_LandingPageTest"/>
  <system-out/>
</testsuite> <!-- TC_001_EMT_LandingPageTest -->
